DataModelTransition{
state1: DataModelState{};
DataModelAction{level: 0; itemKey: 1[0]; type: Set; itemSizeBytes: 776; durationMicroSecs: 25109.3}
state2: DataModelState{<1[0] : Memory>; }
}

DataModelTransition{
state1: DataModelState{<1[0] : Memory>; };
DataModelAction{level: 0; itemKey: 2[0]; type: Set; itemSizeBytes: 400; durationMicroSecs: 30.903}
state2: DataModelState{<2[0] : Memory>; <1[0] : Memory>; }
}

DataModelTransition{
state1: DataModelState{<2[0] : Memory>; <1[0] : Memory>; };
DataModelAction{level: 0; itemKey: 3[0]; type: Set; itemSizeBytes: 400; durationMicroSecs: 28.562}
state2: DataModelState{<2[0] : Memory>; <3[0] : Memory>; <1[0] : Memory>; }
}

DataModelTransition{
state1: DataModelState{<2[0] : Memory>; <3[0] : Memory>; <1[0] : Memory>; };
DataModelAction{level: 0; itemKey: 4[0]; type: Set; itemSizeBytes: 8000; durationMicroSecs: 32.011}
state2: DataModelState{<2[0] : Memory>; <4[0] : Memory>; <3[0] : Memory>; <1[0] : Memory>; }
}

DataModelTransition{
state1: DataModelState{<2[0] : Memory>; <4[0] : Memory>; <3[0] : Memory>; <1[0] : Memory>; };
DataModelAction{level: 0; itemKey: 5[0]; type: Set; itemSizeBytes: 16; durationMicroSecs: 32.363}
state2: DataModelState{<1[0] : Memory>; <3[0] : Memory>; <4[0] : Memory>; <5[0] : Memory>; <2[0] : Memory>; }
}

DataModelTransition{
state1: DataModelState{<1[0] : Memory>; <3[0] : Memory>; <4[0] : Memory>; <5[0] : Memory>; <2[0] : Memory>; };
DataModelAction{level: 0; itemKey: 6[0]; type: Set; itemSizeBytes: 16; durationMicroSecs: 26.633}
state2: DataModelState{<6[0] : Memory>; <1[0] : Memory>; <3[0] : Memory>; <4[0] : Memory>; <5[0] : Memory>; <2[0] : Memory>; }
}

DataModelTransition{
state1: DataModelState{<6[0] : Memory>; <1[0] : Memory>; <3[0] : Memory>; <4[0] : Memory>; <5[0] : Memory>; <2[0] : Memory>; };
DataModelAction{level: 0; itemKey: 1[0]; type: Get; itemSizeBytes: 776; durationMicroSecs: 31.201}
state2: DataModelState{<6[0] : Memory>; <1[0] : Memory>; <3[0] : Memory>; <4[0] : Memory>; <5[0] : Memory>; <2[0] : Memory>; }
}

DataModelTransition{
state1: DataModelState{<6[0] : Memory>; <1[0] : Memory>; <3[0] : Memory>; <4[0] : Memory>; <5[0] : Memory>; <2[0] : Memory>; };
DataModelAction{level: 0; itemKey: 7[1]; type: Set; itemSizeBytes: 8000; durationMicroSecs: 31307}
DataModelAction{level: 1; itemKey: 2[0]; type: Unload; itemSizeBytes: 400; durationMicroSecs: 10128.9}
DataModelAction{level: 1; itemKey: 3[0]; type: Unload; itemSizeBytes: 400; durationMicroSecs: 9899.56}
DataModelAction{level: 1; itemKey: 4[0]; type: Unload; itemSizeBytes: 8000; durationMicroSecs: 11066.3}
state2: DataModelState{<7[1] : Memory>; <6[0] : Memory>; <1[0] : Memory>; <3[0] : Disk>; <4[0] : Disk>; <5[0] : Memory>; <2[0] : Disk>; }
}

DataModelTransition{
state1: DataModelState{<7[1] : Memory>; <6[0] : Memory>; <1[0] : Memory>; <3[0] : Disk>; <4[0] : Disk>; <5[0] : Memory>; <2[0] : Disk>; };
DataModelAction{level: 0; itemKey: 4[0]; type: Get; itemSizeBytes: 8000; durationMicroSecs: 52663.7}
DataModelAction{level: 1; itemKey: 4[0]; type: Load; itemSizeBytes: 8000; durationMicroSecs: 11729.6}
DataModelAction{level: 1; itemKey: 5[0]; type: Unload; itemSizeBytes: 16; durationMicroSecs: 9720.96}
DataModelAction{level: 1; itemKey: 6[0]; type: Unload; itemSizeBytes: 16; durationMicroSecs: 9883.8}
DataModelAction{level: 1; itemKey: 1[0]; type: Unload; itemSizeBytes: 776; durationMicroSecs: 9895.59}
DataModelAction{level: 1; itemKey: 7[1]; type: Unload; itemSizeBytes: 8000; durationMicroSecs: 11070.1}
state2: DataModelState{<7[1] : Disk>; <6[0] : Disk>; <1[0] : Disk>; <3[0] : Disk>; <4[0] : Memory>; <5[0] : Disk>; <2[0] : Disk>; }
}

DataModelTransition{
state1: DataModelState{<7[1] : Disk>; <6[0] : Disk>; <1[0] : Disk>; <3[0] : Disk>; <4[0] : Memory>; <5[0] : Disk>; <2[0] : Disk>; };
DataModelAction{level: 0; itemKey: 7[1]; type: Get; itemSizeBytes: 8000; durationMicroSecs: 22746.7}
DataModelAction{level: 1; itemKey: 7[1]; type: Load; itemSizeBytes: 8000; durationMicroSecs: 11037.6}
DataModelAction{level: 1; itemKey: 4[0]; type: Unload; itemSizeBytes: 8000; durationMicroSecs: 11542.1}
state2: DataModelState{<7[1] : Memory>; <6[0] : Disk>; <1[0] : Disk>; <3[0] : Disk>; <4[0] : Disk>; <5[0] : Disk>; <2[0] : Disk>; }
}

DataModelTransition{
state1: DataModelState{<7[1] : Memory>; <6[0] : Disk>; <1[0] : Disk>; <3[0] : Disk>; <4[0] : Disk>; <5[0] : Disk>; <2[0] : Disk>; };
DataModelAction{level: 0; itemKey: 8[4,7]; type: Set; itemSizeBytes: 8000; durationMicroSecs: 20652}
DataModelAction{level: 1; itemKey: 7[1]; type: Unload; itemSizeBytes: 8000; durationMicroSecs: 20494}
state2: DataModelState{<8[4,7] : Memory>; <7[1] : Disk>; <6[0] : Disk>; <1[0] : Disk>; <3[0] : Disk>; <4[0] : Disk>; <5[0] : Disk>; <2[0] : Disk>; }
}

DataModelTransition{
state1: DataModelState{<8[4,7] : Memory>; <7[1] : Disk>; <6[0] : Disk>; <1[0] : Disk>; <3[0] : Disk>; <4[0] : Disk>; <5[0] : Disk>; <2[0] : Disk>; };
DataModelAction{level: 0; itemKey: 8[4,7]; type: Get; itemSizeBytes: 8000; durationMicroSecs: 43.064}
state2: DataModelState{<8[4,7] : Memory>; <7[1] : Disk>; <6[0] : Disk>; <1[0] : Disk>; <3[0] : Disk>; <4[0] : Disk>; <5[0] : Disk>; <2[0] : Disk>; }
}

DataModelTransition{
state1: DataModelState{<8[4,7] : Memory>; <7[1] : Disk>; <6[0] : Disk>; <1[0] : Disk>; <3[0] : Disk>; <4[0] : Disk>; <5[0] : Disk>; <2[0] : Disk>; };
DataModelAction{level: 0; itemKey: 9[8]; type: Set; itemSizeBytes: 2281088; durationMicroSecs: 147156}
DataModelAction{level: 1; itemKey: 9[8]; type: Unload; itemSizeBytes: 2281088; durationMicroSecs: 147076}
state2: DataModelState{<8[4,7] : Memory>; <7[1] : Disk>; <9[8] : Disk>; <6[0] : Disk>; <1[0] : Disk>; <3[0] : Disk>; <4[0] : Disk>; <5[0] : Disk>; <2[0] : Disk>; }
}

DataModelTransition{
state1: DataModelState{<8[4,7] : Memory>; <7[1] : Disk>; <9[8] : Disk>; <6[0] : Disk>; <1[0] : Disk>; <3[0] : Disk>; <4[0] : Disk>; <5[0] : Disk>; <2[0] : Disk>; };
DataModelAction{level: 0; itemKey: 10[8]; type: Set; itemSizeBytes: 16; durationMicroSecs: 35.182}
state2: DataModelState{<10[8] : Memory>; <8[4,7] : Memory>; <7[1] : Disk>; <9[8] : Disk>; <6[0] : Disk>; <1[0] : Disk>; <3[0] : Disk>; <4[0] : Disk>; <5[0] : Disk>; <2[0] : Disk>; }
}

DataModelTransition{
state1: DataModelState{<10[8] : Memory>; <8[4,7] : Memory>; <7[1] : Disk>; <9[8] : Disk>; <6[0] : Disk>; <1[0] : Disk>; <3[0] : Disk>; <4[0] : Disk>; <5[0] : Disk>; <2[0] : Disk>; };
DataModelAction{level: 0; itemKey: 8[4,7]; type: Get; itemSizeBytes: 8000; durationMicroSecs: 41.286}
state2: DataModelState{<10[8] : Memory>; <8[4,7] : Memory>; <7[1] : Disk>; <9[8] : Disk>; <6[0] : Disk>; <1[0] : Disk>; <3[0] : Disk>; <4[0] : Disk>; <5[0] : Disk>; <2[0] : Disk>; }
}

DataModelTransition{
state1: DataModelState{<10[8] : Memory>; <8[4,7] : Memory>; <7[1] : Disk>; <9[8] : Disk>; <6[0] : Disk>; <1[0] : Disk>; <3[0] : Disk>; <4[0] : Disk>; <5[0] : Disk>; <2[0] : Disk>; };
DataModelAction{level: 0; itemKey: 9[8]; type: Get; itemSizeBytes: 2281088; durationMicroSecs: 206733}
DataModelAction{level: 1; itemKey: 9[8]; type: Load; itemSizeBytes: 2281088; durationMicroSecs: 33012.5}
DataModelAction{level: 1; itemKey: 9[8]; type: Unload; itemSizeBytes: 2281088; durationMicroSecs: 169782}
state2: DataModelState{<10[8] : Memory>; <8[4,7] : Memory>; <7[1] : Disk>; <9[8] : Disk>; <6[0] : Disk>; <1[0] : Disk>; <3[0] : Disk>; <4[0] : Disk>; <5[0] : Disk>; <2[0] : Disk>; }
}

DataModelTransition{
state1: DataModelState{<10[8] : Memory>; <8[4,7] : Memory>; <7[1] : Disk>; <9[8] : Disk>; <6[0] : Disk>; <1[0] : Disk>; <3[0] : Disk>; <4[0] : Disk>; <5[0] : Disk>; <2[0] : Disk>; };
DataModelAction{level: 0; itemKey: 10[8]; type: Get; itemSizeBytes: 16; durationMicroSecs: 88.446}
state2: DataModelState{<10[8] : Memory>; <8[4,7] : Memory>; <7[1] : Disk>; <9[8] : Disk>; <6[0] : Disk>; <1[0] : Disk>; <3[0] : Disk>; <4[0] : Disk>; <5[0] : Disk>; <2[0] : Disk>; }
}

DataModelTransition{
state1: DataModelState{<10[8] : Memory>; <8[4,7] : Memory>; <7[1] : Disk>; <9[8] : Disk>; <6[0] : Disk>; <1[0] : Disk>; <3[0] : Disk>; <4[0] : Disk>; <5[0] : Disk>; <2[0] : Disk>; };
DataModelAction{level: 0; itemKey: 11[8,9,10]; type: Set; itemSizeBytes: 16; durationMicroSecs: 69.564}
state2: DataModelState{<11[8,9,10] : Memory>; <2[0] : Disk>; <5[0] : Disk>; <4[0] : Disk>; <3[0] : Disk>; <6[0] : Disk>; <1[0] : Disk>; <9[8] : Disk>; <7[1] : Disk>; <8[4,7] : Memory>; <10[8] : Memory>; }
}

